<?xml version="1.0" encoding="UTF-8"?>
<!-- Generated by org.testng.reporters.JUnitReportReporter -->
<testsuite skipped="0" hostname="DESKTOP-N60QB27" name="rough.ExtentReportTest" tests="4" failures="0" timestamp="2022-10-19T20:19:39 IST" time="1.923" errors="0">
  <testcase name="loginTest" time="0.040" classname="rough.ExtentReportTest"/>
  <system-out/>
  <testcase name="beforeClass" time="1.873" classname="rough.ExtentReportTest"/>
  <system-out/>
  <testcase name="logoutTest" time="0.005" classname="rough.ExtentReportTest"/>
  <system-out/>
  <testcase name="logDeleteTest" time="0.005" classname="rough.ExtentReportTest"/>
  <system-out/>
</testsuite> <!-- rough.ExtentReportTest -->
