<?xml version="1.0" encoding="UTF-8"?>
<!-- Generated by org.testng.reporters.JUnitReportReporter -->
<testsuite skipped="0" hostname="DESKTOP-N60QB27" name="rough.AttachScreenshot$AttachLogoTest" tests="1" failures="0" timestamp="2022-10-19T21:52:05 IST" time="16.057" errors="0">
  <testcase name="attachScreenshot" time="16.057" classname="rough.AttachScreenshot$AttachLogoTest"/>
  <system-out/>
</testsuite> <!-- rough.AttachScreenshot$AttachLogoTest -->
