<?xml version="1.0" encoding="UTF-8"?>
<!-- Generated by org.testng.reporters.JUnitReportReporter -->
<testsuite skipped="0" hostname="DESKTOP-N60QB27" name="rough.ExtentReportDemo" tests="1" failures="0" timestamp="2022-10-19T22:10:06 IST" time="3.185" errors="0">
  <testcase name="test1" time="3.185" classname="rough.ExtentReportDemo"/>
  <system-out/>
</testsuite> <!-- rough.ExtentReportDemo -->
