<?xml version="1.0" encoding="UTF-8"?>
<!-- Generated by org.testng.reporters.JUnitReportReporter -->
<testsuite skipped="0" hostname="DESKTOP-N60QB27" name="rough.AttachLogoTest" tests="1" failures="0" timestamp="2022-10-19T20:53:31 IST" time="2.310" errors="0">
  <testcase name="attach" time="2.310" classname="rough.AttachLogoTest"/>
  <system-out/>
</testsuite> <!-- rough.AttachLogoTest -->
