<?xml version="1.0" encoding="UTF-8"?>
<!-- Generated by org.testng.reporters.JUnitReportReporter -->
<testsuite skipped="0" hostname="DESKTOP-N60QB27" name="rough.AdminTest" tests="1" failures="0" timestamp="2022-10-19T08:19:12 IST" time="0.094" errors="0">
  <testcase name="login" time="0.094" classname="rough.AdminTest"/>
  <system-out/>
</testsuite> <!-- rough.AdminTest -->
