<?xml version="1.0" encoding="UTF-8"?>
<!-- Generated by org.testng.reporters.JUnitReportReporter -->
<testsuite skipped="0" hostname="DESKTOP-N60QB27" name="testcases.smoke.LoginTest" tests="3" failures="0" timestamp="2022-10-23T02:40:40 IST" time="24.626" errors="0">
  <testcase name="loginTest" time="13.205" classname="testcases.smoke.LoginTest"/>
  <system-out/>
  <testcase name="logOutTest" time="1.478" classname="testcases.smoke.LoginTest"/>
  <system-out/>
  <testcase name="read" time="9.943" classname="testcases.smoke.LoginTest"/>
  <system-out/>
</testsuite> <!-- testcases.smoke.LoginTest -->
